  laba 9.cpp
D:\Основы программирования\laba 9\laba 9\laba 9.cpp(119,9): warning C4551: в вызове функции отсутствует список аргументов
D:\Основы программирования\laba 9\laba 9\laba 9.cpp(126,9): warning C4551: в вызове функции отсутствует список аргументов
D:\Основы программирования\laba 9\laba 9\laba 9.cpp(133,9): warning C4551: в вызове функции отсутствует список аргументов
D:\Основы программирования\laba 9\laba 9\laba 9.cpp(140,9): warning C4551: в вызове функции отсутствует список аргументов
D:\Основы программирования\laba 9\laba 9\laba 9.cpp(147,9): warning C4551: в вызове функции отсутствует список аргументов
D:\Основы программирования\laba 9\laba 9\laba 9.cpp(154,9): warning C4551: в вызове функции отсутствует список аргументов
D:\Основы программирования\laba 9\laba 9\laba 9.cpp(158,37): warning C4244: аргумент: преобразование "__int64" в "size_t", возможна потеря данных
D:\Основы программирования\laba 9\laba 9\laba 9.cpp(161,54): warning C4244: аргумент: преобразование "__int64" в "size_t", возможна потеря данных
D:\Основы программирования\laba 9\laba 9\laba 9.cpp(163,20): warning C4244: аргумент: преобразование "__int64" в "int", возможна потеря данных
D:\Основы программирования\laba 9\laba 9\laba 9.cpp(164,25): warning C4244: аргумент: преобразование "__int64" в "int", возможна потеря данных
D:\Основы программирования\laba 9\laba 9\laba 9.cpp(167,19): warning C4244: аргумент: преобразование "__int64" в "int", возможна потеря данных
D:\Основы программирования\laba 9\laba 9\laba 9.cpp(168,33): warning C4244: аргумент: преобразование "__int64" в "int", возможна потеря данных
D:\Основы программирования\laba 9\laba 9\laba 9.cpp(169,16): warning C4477: "printf": в строке форматирования "%ld" требуется аргумент типа "long", но вариативный аргумент "1" имеет тип "__int64"
D:\Основы программирования\laba 9\laba 9\laba 9.cpp(169,16): message : рекомендуется использовать "%lld" в строке форматирования
D:\Основы программирования\laba 9\laba 9\laba 9.cpp(169,16): message : рекомендуется использовать "%I64d" в строке форматирования
D:\Основы программирования\laba 9\laba 9\laba 9.cpp(172,20): warning C4244: аргумент: преобразование "__int64" в "int", возможна потеря данных
D:\Основы программирования\laba 9\laba 9\laba 9.cpp(173,23): warning C4244: аргумент: преобразование "__int64" в "int", возможна потеря данных
D:\Основы программирования\laba 9\laba 9\laba 9.cpp(176,21): warning C4244: аргумент: преобразование "__int64" в "int", возможна потеря данных
D:\Основы программирования\laba 9\laba 9\laba 9.cpp(177,31): warning C4244: аргумент: преобразование "__int64" в "int", возможна потеря данных
D:\Основы программирования\laba 9\laba 9\laba 9.cpp(181,18): warning C4244: аргумент: преобразование "__int64" в "int", возможна потеря данных
D:\Основы программирования\laba 9\laba 9\laba 9.cpp(182,25): warning C4244: аргумент: преобразование "__int64" в "int", возможна потеря данных
D:\Основы программирования\laba 9\laba 9\laba 9.cpp(185,19): warning C4244: аргумент: преобразование "__int64" в "int", возможна потеря данных
D:\Основы программирования\laba 9\laba 9\laba 9.cpp(186,33): warning C4244: аргумент: преобразование "__int64" в "int", возможна потеря данных
D:\Основы программирования\laba 9\laba 9\laba 9.cpp(197,5): warning C4551: в вызове функции отсутствует список аргументов
D:\Основы программирования\laba 9\laba 9\laba 9.cpp(110,19): warning C4101: n: неиспользованная локальная переменная
  laba 9.vcxproj -> D:\Основы программирования\laba 9\Debug\laba 9.exe
